<?xml version="1.0" encoding="UTF-8"?>
<!-- Generated by org.testng.reporters.JUnitXMLReporter -->
<testsuite ignored="1" hostname="Madhuri" failures="0" tests="1" name="Default test" time="31.376" errors="0" timestamp="2021-01-14T20:55:18 GMT">
  <testcase classname="com.automation.demoQA.WebElements" name="WebElementTest" time="21.857"/>
  <testcase classname="com.automation.demoQA.WebElements" name="BlankFirstName" time="0.0">
    <ignored/>
  </testcase> <!-- BlankFirstName -->
</testsuite> <!-- Default test -->
