<?xml version="1.0" encoding="UTF-8"?>
<testng-results ignored="1" total="2" passed="1" failed="0" skipped="0">
  <reporter-output>
  </reporter-output>
  <suite started-at="2021-01-14T20:54:47 GMT" name="Default suite" finished-at="2021-01-14T20:55:18 GMT" duration-ms="31376">
    <groups>
    </groups>
    <test started-at="2021-01-14T20:54:47 GMT" name="Default test" finished-at="2021-01-14T20:55:18 GMT" duration-ms="31376">
      <class name="com.automation.demoQA.WebElements">
        <test-method is-config="true" signature="SetDriver()[pri:0, instance:com.automation.demoQA.WebElements@159f197]" started-at="2021-01-14T20:54:47 GMT" name="SetDriver" finished-at="2021-01-14T20:54:56 GMT" duration-ms="8870" status="PASS">
          <reporter-output>
          </reporter-output>
        </test-method> <!-- SetDriver -->
        <test-method signature="WebElementTest()[pri:0, instance:com.automation.demoQA.WebElements@159f197]" started-at="2021-01-14T20:54:56 GMT" name="WebElementTest" finished-at="2021-01-14T20:55:18 GMT" duration-ms="21857" status="PASS">
          <reporter-output>
          </reporter-output>
        </test-method> <!-- WebElementTest -->
        <test-method is-config="true" signature="afterTest()[pri:0, instance:com.automation.demoQA.WebElements@159f197]" started-at="2021-01-14T20:55:18 GMT" name="afterTest" finished-at="2021-01-14T20:55:18 GMT" duration-ms="623" status="PASS">
          <reporter-output>
          </reporter-output>
        </test-method> <!-- afterTest -->
      </class> <!-- com.automation.demoQA.WebElements -->
    </test> <!-- Default test -->
  </suite> <!-- Default suite -->
</testng-results>
